<?xml version="1.0" encoding="UTF-8"?>
<testsuite name="Test"
           tests="2"
           failures="1"
           errors="0"
           skipped="1"
           time="0.001">
  <properties />
            <testcase name="setUp" time="0.000" classname="com.sikachov.framework.test.ComparationTest_2">
                <failure type="org.openqa.selenium.remote.SessionNotFoundException"
                  message="Unexpected error launching Internet Explorer. Browser zoom level was set to 94%. It should be set to 100% (WARNING: The server did not provide any stacktrace information)
Command duration or timeout: 4.07 seconds
Build info: version: &apos;2.37.1&apos;, revision: &apos;a7c61cbd68657e133ae96672cf995890bad2ee42&apos;, time: &apos;2013-10-21 09:08:07&apos;
System info: host: &apos;EPUAKHAW0178&apos;, ip: &apos;10.23.11.94&apos;, os.name: &apos;Windows 7&apos;, os.arch: &apos;amd64&apos;, os.version: &apos;6.1&apos;, java.version: &apos;1.7.0_25&apos;
Driver info: org.openqa.selenium.ie.InternetExplorerDriver"
              >
<![CDATA[org.openqa.selenium.remote.SessionNotFoundException: Unexpected error launching Internet Explorer. Browser zoom level was set to 94%. It should be set to 100% (WARNING: The server did not provide any stacktrace information)
Command duration or timeout: 4.07 seconds
Build info: version: '2.37.1', revision: 'a7c61cbd68657e133ae96672cf995890bad2ee42', time: '2013-10-21 09:08:07'
System info: host: 'EPUAKHAW0178', ip: '10.23.11.94', os.name: 'Windows 7', os.arch: 'amd64', os.version: '6.1', java.version: '1.7.0_25'
Driver info: org.openqa.selenium.ie.InternetExplorerDriver
  sun.reflect.NativeConstructorAccessorImpl.newInstance0(Native Method)
  sun.reflect.NativeConstructorAccessorImpl.newInstance(NativeConstructorAccessorImpl.java:57)
  sun.reflect.DelegatingConstructorAccessorImpl.newInstance(DelegatingConstructorAccessorImpl.java:45)
  java.lang.reflect.Constructor.newInstance(Constructor.java:526)
  org.openqa.selenium.remote.ErrorHandler.createThrowable(ErrorHandler.java:193)
  org.openqa.selenium.remote.ErrorHandler.throwIfResponseFailed(ErrorHandler.java:151)
  org.openqa.selenium.remote.RemoteWebDriver.execute(RemoteWebDriver.java:554)
  org.openqa.selenium.remote.RemoteWebDriver.startSession(RemoteWebDriver.java:216)
  org.openqa.selenium.remote.RemoteWebDriver.startSession(RemoteWebDriver.java:201)
  org.openqa.selenium.ie.InternetExplorerDriver.run(InternetExplorerDriver.java:224)
  org.openqa.selenium.ie.InternetExplorerDriver.<init>(InternetExplorerDriver.java:214)
  org.openqa.selenium.ie.InternetExplorerDriver.<init>(InternetExplorerDriver.java:184)
  com.sikachov.framework.factories.WebDriverFactory.createLocalDriver(WebDriverFactory.java:108)
  com.sikachov.framework.factories.WebDriverFactory.newWebDriver(WebDriverFactory.java:86)
  com.sikachov.framework.factories.WebDriverFactory.getDriver(WebDriverFactory.java:41)
  com.sikachov.framework.factories.WebDriverFactory.getDriver(WebDriverFactory.java:67)
  com.sikachov.framework.test.BaseTest.setUp(BaseTest.java:22)
  sun.reflect.NativeMethodAccessorImpl.invoke0(Native Method)
  sun.reflect.NativeMethodAccessorImpl.invoke(NativeMethodAccessorImpl.java:57)
  sun.reflect.DelegatingMethodAccessorImpl.invoke(DelegatingMethodAccessorImpl.java:43)
  java.lang.reflect.Method.invoke(Method.java:606)
  org.testng.internal.MethodInvocationHelper.invokeMethod(MethodInvocationHelper.java:84)
  org.testng.internal.Invoker.invokeConfigurationMethod(Invoker.java:564)
  org.testng.internal.Invoker.invokeConfigurations(Invoker.java:213)
  org.testng.internal.Invoker.invokeConfigurations(Invoker.java:138)
  org.testng.internal.TestMethodWorker.invokeBeforeClassMethods(TestMethodWorker.java:175)
  org.testng.internal.TestMethodWorker.run(TestMethodWorker.java:107)
  org.testng.TestRunner.privateRun(TestRunner.java:767)
  org.testng.TestRunner.run(TestRunner.java:617)
  org.testng.SuiteRunner.runTest(SuiteRunner.java:334)
  org.testng.SuiteRunner.runSequentially(SuiteRunner.java:329)
  org.testng.SuiteRunner.privateRun(SuiteRunner.java:291)
  org.testng.SuiteRunner.run(SuiteRunner.java:240)
  org.testng.SuiteRunnerWorker.runSuite(SuiteRunnerWorker.java:52)
  org.testng.SuiteRunnerWorker.run(SuiteRunnerWorker.java:86)
  org.testng.TestNG.runSuitesSequentially(TestNG.java:1224)
  org.testng.TestNG.runSuitesLocally(TestNG.java:1149)
  org.testng.TestNG.run(TestNG.java:1057)
  org.apache.maven.surefire.testng.TestNGExecutor.run(TestNGExecutor.java:122)
  org.apache.maven.surefire.testng.TestNGXmlTestSuite.execute(TestNGXmlTestSuite.java:88)
  org.apache.maven.surefire.testng.TestNGProvider.invoke(TestNGProvider.java:104)
  sun.reflect.NativeMethodAccessorImpl.invoke0(Native Method)
  sun.reflect.NativeMethodAccessorImpl.invoke(NativeMethodAccessorImpl.java:57)
  sun.reflect.DelegatingMethodAccessorImpl.invoke(DelegatingMethodAccessorImpl.java:43)
  java.lang.reflect.Method.invoke(Method.java:606)
  org.apache.maven.surefire.booter.ProviderFactory$ClassLoaderProxy.invoke(ProviderFactory.java:103)
  com.sun.proxy.$Proxy0.invoke(Unknown Source)
  org.apache.maven.surefire.booter.SurefireStarter.invokeProvider(SurefireStarter.java:150)
  org.apache.maven.surefire.booter.SurefireStarter.runSuitesInProcess(SurefireStarter.java:91)
  org.apache.maven.surefire.booter.ForkedBooter.main(ForkedBooter.java:69)
]]>
      </failure>

          </testcase>
  
            <testcase name="sameParamsTest" time="0.0" classname="com.sikachov.framework.test.ComparationTest_2">
          <skipped />
    </testcase>
  
  
</testsuite>
